<?xml version="1.0" encoding="UTF-8"?>
<!-- Generated by org.testng.reporters.JUnitReportReporter -->
<testsuite hostname="AP-PUN-LP1097" failures="0" tests="1" name="com.Utilities.Utilities" time="0.013" errors="0" timestamp="22 Oct 2021 16:44:57 GMT" skipped="0">
  <testcase classname="com.Utilities.Utilities" name="testgetFileParameterValue" time="0.013"/>
</testsuite> <!-- com.Utilities.Utilities -->
