<?xml version="1.0" encoding="UTF-8"?>
<!-- Generated by org.testng.reporters.JUnitReportReporter -->
<testsuite hostname="AP-PUN-LP1097" failures="0" tests="4" name="com.tests.GoibiboTests" time="41.707" errors="0" timestamp="28 Jan 2022 07:29:49 GMT" skipped="0">
  <testcase classname="com.tests.GoibiboTests" name="serachHotels" time="3.324"/>
  <testcase classname="com.tests.GoibiboTests" name="serachFlights" time="20.750"/>
  <testcase classname="com.tests.GoibiboTests" name="serachHotels" time="6.654"/>
  <testcase classname="com.tests.GoibiboTests" name="serachFlights" time="10.979"/>
</testsuite> <!-- com.tests.GoibiboTests -->
