<?xml version="1.0" encoding="UTF-8"?>
<!-- Generated by org.testng.reporters.JUnitReportReporter -->
<testsuite hostname="AP-PUN-LP1097" failures="0" tests="2" name="com.tests.GoibiboTests" time="19.210" errors="0" timestamp="28 Jan 2022 07:31:35 GMT" skipped="0">
  <testcase classname="com.tests.GoibiboTests" name="serachHotels" time="3.887"/>
  <testcase classname="com.tests.GoibiboTests" name="serachHotels" time="15.323"/>
</testsuite> <!-- com.tests.GoibiboTests -->
